[ 2017-04-16T20:58:23+08:00 ] ::1 /
INFO: [ app_init ] --START--
INFO: Run Behavior\BuildLiteBehavior [ RunTime:0.000000s ]
INFO: [ app_init ] --END-- [ RunTime:0.002000s ]
INFO: [ app_begin ] --START--
INFO: Run Behavior\ReadHtmlCacheBehavior [ RunTime:0.002000s ]
INFO: [ app_begin ] --END-- [ RunTime:0.002000s ]
NOTIC: [8] A session had already been started - ignoring session_start() D:\htdocs\project\hzxxsmzj.yyhj.zjzwfw.gov.cn\Application\Home\Controller\IndexController.class.php 第 26 行.
SQL: SHOW COLUMNS FROM `his_set` [ RunTime:0.0150s ]
SQL: SELECT `status` FROM `his_set` WHERE `id` = 1 LIMIT 1   [ RunTime:0.0140s ]
NOTIC: [8] Undefined index: authcode D:\htdocs\project\hzxxsmzj.yyhj.zjzwfw.gov.cn\Application\Home\Controller\IndexController.class.php 第 60 行.
NOTIC: [8] Use of undefined constant AUTH_KEY - assumed 'AUTH_KEY' D:\htdocs\project\hzxxsmzj.yyhj.zjzwfw.gov.cn\Application\Common\Common\function.php 第 36 行.
NOTIC: [8] Undefined index: uid D:\htdocs\project\hzxxsmzj.yyhj.zjzwfw.gov.cn\Application\Home\Controller\IndexController.class.php 第 62 行.
NOTIC: [8] Undefined index: citizen_uid D:\htdocs\project\hzxxsmzj.yyhj.zjzwfw.gov.cn\Application\Home\Controller\IndexController.class.php 第 62 行.
NOTIC: [8] Undefined index: parentId D:\htdocs\project\hzxxsmzj.yyhj.zjzwfw.gov.cn\Application\Home\Controller\IndexController.class.php 第 66 行.
NOTIC: [8] Use of undefined constant CURL_SSLVERSION_SSL - assumed 'CURL_SSLVERSION_SSL' D:\htdocs\project\hzxxsmzj.yyhj.zjzwfw.gov.cn\Application\Home\Api\Curl.class.php 第 90 行.
NOTIC: [2] curl_setopt() expects parameter 2 to be long, string given D:\htdocs\project\hzxxsmzj.yyhj.zjzwfw.gov.cn\Application\Home\Api\Curl.class.php 第 90 行.
NOTIC: [8] Use of undefined constant CURL_SSLVERSION_SSL - assumed 'CURL_SSLVERSION_SSL' D:\htdocs\project\hzxxsmzj.yyhj.zjzwfw.gov.cn\Application\Home\Api\Curl.class.php 第 90 行.
NOTIC: [2] curl_setopt() expects parameter 2 to be long, string given D:\htdocs\project\hzxxsmzj.yyhj.zjzwfw.gov.cn\Application\Home\Api\Curl.class.php 第 90 行.
NOTIC: [8] Undefined index: items D:\htdocs\project\hzxxsmzj.yyhj.zjzwfw.gov.cn\Application\Common\Common\function.php 第 89 行.
NOTIC: [2] Invalid argument supplied for foreach() D:\htdocs\project\hzxxsmzj.yyhj.zjzwfw.gov.cn\Application\Common\Common\function.php 第 89 行.
INFO: [ view_parse ] --START--
INFO: [ template_filter ] --START--
INFO: Run Behavior\ContentReplaceBehavior [ RunTime:0.016001s ]
INFO: [ template_filter ] --END-- [ RunTime:0.016001s ]
NOTIC: [8] Undefined index: items D:\htdocs\project\hzxxsmzj.yyhj.zjzwfw.gov.cn\Application\Runtime\Cache\Home\2a94b8bda04ff446dcedd42276fc99ee.php 第 79 行.
NOTIC: [2] Invalid argument supplied for foreach() D:\htdocs\project\hzxxsmzj.yyhj.zjzwfw.gov.cn\Application\Runtime\Cache\Home\2a94b8bda04ff446dcedd42276fc99ee.php 第 79 行.
INFO: Run Behavior\ParseTemplateBehavior [ RunTime:0.133008s ]
INFO: [ view_parse ] --END-- [ RunTime:0.133008s ]
INFO: [ view_filter ] --START--
INFO: Run Behavior\WriteHtmlCacheBehavior [ RunTime:0.016001s ]
INFO: [ view_filter ] --END-- [ RunTime:0.017001s ]
INFO: [ app_end ] --START--
INFO: Run Behavior\ShowPageTraceBehavior [ RunTime:0.002000s ]
INFO: [ app_end ] --END-- [ RunTime:0.002000s ]

[ 2017-04-16T21:04:47+08:00 ] ::1 /
INFO: [ app_init ] --START--
INFO: Run Behavior\BuildLiteBehavior [ RunTime:0.000000s ]
INFO: [ app_init ] --END-- [ RunTime:0.001000s ]
INFO: [ app_begin ] --START--
INFO: Run Behavior\ReadHtmlCacheBehavior [ RunTime:0.000000s ]
INFO: [ app_begin ] --END-- [ RunTime:0.001000s ]
NOTIC: [8] A session had already been started - ignoring session_start() D:\htdocs\project\hzxxsmzj.yyhj.zjzwfw.gov.cn\Application\Home\Controller\IndexController.class.php 第 26 行.
SQL: SHOW COLUMNS FROM `his_set` [ RunTime:0.0100s ]
SQL: SELECT `status` FROM `his_set` WHERE `id` = 1 LIMIT 1   [ RunTime:0.0140s ]
NOTIC: [8] Undefined index: authcode D:\htdocs\project\hzxxsmzj.yyhj.zjzwfw.gov.cn\Application\Home\Controller\IndexController.class.php 第 60 行.
NOTIC: [8] Use of undefined constant AUTH_KEY - assumed 'AUTH_KEY' D:\htdocs\project\hzxxsmzj.yyhj.zjzwfw.gov.cn\Application\Common\Common\function.php 第 36 行.
NOTIC: [8] Undefined index: uid D:\htdocs\project\hzxxsmzj.yyhj.zjzwfw.gov.cn\Application\Home\Controller\IndexController.class.php 第 62 行.
NOTIC: [8] Undefined index: citizen_uid D:\htdocs\project\hzxxsmzj.yyhj.zjzwfw.gov.cn\Application\Home\Controller\IndexController.class.php 第 62 行.
NOTIC: [8] Undefined index: parentId D:\htdocs\project\hzxxsmzj.yyhj.zjzwfw.gov.cn\Application\Home\Controller\IndexController.class.php 第 66 行.
NOTIC: [8] Use of undefined constant CURL_SSLVERSION_SSL - assumed 'CURL_SSLVERSION_SSL' D:\htdocs\project\hzxxsmzj.yyhj.zjzwfw.gov.cn\Application\Home\Api\Curl.class.php 第 90 行.
NOTIC: [2] curl_setopt() expects parameter 2 to be long, string given D:\htdocs\project\hzxxsmzj.yyhj.zjzwfw.gov.cn\Application\Home\Api\Curl.class.php 第 90 行.
NOTIC: [8] Use of undefined constant CURL_SSLVERSION_SSL - assumed 'CURL_SSLVERSION_SSL' D:\htdocs\project\hzxxsmzj.yyhj.zjzwfw.gov.cn\Application\Home\Api\Curl.class.php 第 90 行.
NOTIC: [2] curl_setopt() expects parameter 2 to be long, string given D:\htdocs\project\hzxxsmzj.yyhj.zjzwfw.gov.cn\Application\Home\Api\Curl.class.php 第 90 行.
NOTIC: [8] Undefined index: items D:\htdocs\project\hzxxsmzj.yyhj.zjzwfw.gov.cn\Application\Common\Common\function.php 第 89 行.
NOTIC: [2] Invalid argument supplied for foreach() D:\htdocs\project\hzxxsmzj.yyhj.zjzwfw.gov.cn\Application\Common\Common\function.php 第 89 行.
INFO: [ view_parse ] --START--
INFO: [ template_filter ] --START--
INFO: Run Behavior\ContentReplaceBehavior [ RunTime:0.001001s ]
INFO: [ template_filter ] --END-- [ RunTime:0.001001s ]
NOTIC: [8] Undefined index: items D:\htdocs\project\hzxxsmzj.yyhj.zjzwfw.gov.cn\Application\Runtime\Cache\Home\2a94b8bda04ff446dcedd42276fc99ee.php 第 78 行.
NOTIC: [2] Invalid argument supplied for foreach() D:\htdocs\project\hzxxsmzj.yyhj.zjzwfw.gov.cn\Application\Runtime\Cache\Home\2a94b8bda04ff446dcedd42276fc99ee.php 第 78 行.
INFO: Run Behavior\ParseTemplateBehavior [ RunTime:0.034002s ]
INFO: [ view_parse ] --END-- [ RunTime:0.034002s ]
INFO: [ view_filter ] --START--
INFO: Run Behavior\WriteHtmlCacheBehavior [ RunTime:0.001000s ]
INFO: [ view_filter ] --END-- [ RunTime:0.001000s ]
INFO: [ app_end ] --START--
INFO: Run Behavior\ShowPageTraceBehavior [ RunTime:0.002000s ]
INFO: [ app_end ] --END-- [ RunTime:0.002000s ]

[ 2017-04-16T21:05:28+08:00 ] ::1 /
INFO: [ app_init ] --START--
INFO: Run Behavior\BuildLiteBehavior [ RunTime:0.000000s ]
INFO: [ app_init ] --END-- [ RunTime:0.001000s ]
INFO: [ app_begin ] --START--
INFO: Run Behavior\ReadHtmlCacheBehavior [ RunTime:0.001000s ]
INFO: [ app_begin ] --END-- [ RunTime:0.001000s ]
NOTIC: [8] A session had already been started - ignoring session_start() D:\htdocs\project\hzxxsmzj.yyhj.zjzwfw.gov.cn\Application\Home\Controller\IndexController.class.php 第 26 行.
SQL: SHOW COLUMNS FROM `his_set` [ RunTime:0.0110s ]
SQL: SELECT `status` FROM `his_set` WHERE `id` = 1 LIMIT 1   [ RunTime:0.0150s ]
NOTIC: [8] Undefined index: authcode D:\htdocs\project\hzxxsmzj.yyhj.zjzwfw.gov.cn\Application\Home\Controller\IndexController.class.php 第 60 行.
NOTIC: [8] Use of undefined constant AUTH_KEY - assumed 'AUTH_KEY' D:\htdocs\project\hzxxsmzj.yyhj.zjzwfw.gov.cn\Application\Common\Common\function.php 第 36 行.
NOTIC: [8] Undefined index: uid D:\htdocs\project\hzxxsmzj.yyhj.zjzwfw.gov.cn\Application\Home\Controller\IndexController.class.php 第 62 行.
NOTIC: [8] Undefined index: citizen_uid D:\htdocs\project\hzxxsmzj.yyhj.zjzwfw.gov.cn\Application\Home\Controller\IndexController.class.php 第 62 行.
NOTIC: [8] Undefined index: parentId D:\htdocs\project\hzxxsmzj.yyhj.zjzwfw.gov.cn\Application\Home\Controller\IndexController.class.php 第 66 行.
NOTIC: [8] Use of undefined constant CURL_SSLVERSION_SSL - assumed 'CURL_SSLVERSION_SSL' D:\htdocs\project\hzxxsmzj.yyhj.zjzwfw.gov.cn\Application\Home\Api\Curl.class.php 第 90 行.
NOTIC: [2] curl_setopt() expects parameter 2 to be long, string given D:\htdocs\project\hzxxsmzj.yyhj.zjzwfw.gov.cn\Application\Home\Api\Curl.class.php 第 90 行.
NOTIC: [8] Use of undefined constant CURL_SSLVERSION_SSL - assumed 'CURL_SSLVERSION_SSL' D:\htdocs\project\hzxxsmzj.yyhj.zjzwfw.gov.cn\Application\Home\Api\Curl.class.php 第 90 行.
NOTIC: [2] curl_setopt() expects parameter 2 to be long, string given D:\htdocs\project\hzxxsmzj.yyhj.zjzwfw.gov.cn\Application\Home\Api\Curl.class.php 第 90 行.
NOTIC: [8] Undefined index: items D:\htdocs\project\hzxxsmzj.yyhj.zjzwfw.gov.cn\Application\Common\Common\function.php 第 89 行.
NOTIC: [2] Invalid argument supplied for foreach() D:\htdocs\project\hzxxsmzj.yyhj.zjzwfw.gov.cn\Application\Common\Common\function.php 第 89 行.
INFO: [ view_parse ] --START--
INFO: [ template_filter ] --START--
INFO: Run Behavior\ContentReplaceBehavior [ RunTime:0.001000s ]
INFO: [ template_filter ] --END-- [ RunTime:0.001000s ]
NOTIC: [8] Undefined index: items D:\htdocs\project\hzxxsmzj.yyhj.zjzwfw.gov.cn\Application\Runtime\Cache\Home\2a94b8bda04ff446dcedd42276fc99ee.php 第 78 行.
NOTIC: [2] Invalid argument supplied for foreach() D:\htdocs\project\hzxxsmzj.yyhj.zjzwfw.gov.cn\Application\Runtime\Cache\Home\2a94b8bda04ff446dcedd42276fc99ee.php 第 78 行.
INFO: Run Behavior\ParseTemplateBehavior [ RunTime:0.042003s ]
INFO: [ view_parse ] --END-- [ RunTime:0.042003s ]
INFO: [ view_filter ] --START--
INFO: Run Behavior\WriteHtmlCacheBehavior [ RunTime:0.001000s ]
INFO: [ view_filter ] --END-- [ RunTime:0.002000s ]
INFO: [ app_end ] --START--
INFO: Run Behavior\ShowPageTraceBehavior [ RunTime:0.002000s ]
INFO: [ app_end ] --END-- [ RunTime:0.002000s ]

[ 2017-04-16T21:05:38+08:00 ] ::1 /
INFO: [ app_init ] --START--
INFO: Run Behavior\BuildLiteBehavior [ RunTime:0.000000s ]
INFO: [ app_init ] --END-- [ RunTime:0.001000s ]
INFO: [ app_begin ] --START--
INFO: Run Behavior\ReadHtmlCacheBehavior [ RunTime:0.002000s ]
INFO: [ app_begin ] --END-- [ RunTime:0.002000s ]
NOTIC: [8] A session had already been started - ignoring session_start() D:\htdocs\project\hzxxsmzj.yyhj.zjzwfw.gov.cn\Application\Home\Controller\IndexController.class.php 第 26 行.
SQL: SHOW COLUMNS FROM `his_set` [ RunTime:0.0100s ]
SQL: SELECT `status` FROM `his_set` WHERE `id` = 1 LIMIT 1   [ RunTime:0.0110s ]
NOTIC: [8] Undefined index: authcode D:\htdocs\project\hzxxsmzj.yyhj.zjzwfw.gov.cn\Application\Home\Controller\IndexController.class.php 第 60 行.
NOTIC: [8] Use of undefined constant AUTH_KEY - assumed 'AUTH_KEY' D:\htdocs\project\hzxxsmzj.yyhj.zjzwfw.gov.cn\Application\Common\Common\function.php 第 36 行.
NOTIC: [8] Undefined index: uid D:\htdocs\project\hzxxsmzj.yyhj.zjzwfw.gov.cn\Application\Home\Controller\IndexController.class.php 第 62 行.
NOTIC: [8] Undefined index: citizen_uid D:\htdocs\project\hzxxsmzj.yyhj.zjzwfw.gov.cn\Application\Home\Controller\IndexController.class.php 第 62 行.
NOTIC: [8] Undefined index: parentId D:\htdocs\project\hzxxsmzj.yyhj.zjzwfw.gov.cn\Application\Home\Controller\IndexController.class.php 第 66 行.
NOTIC: [8] Use of undefined constant CURL_SSLVERSION_SSL - assumed 'CURL_SSLVERSION_SSL' D:\htdocs\project\hzxxsmzj.yyhj.zjzwfw.gov.cn\Application\Home\Api\Curl.class.php 第 90 行.
NOTIC: [2] curl_setopt() expects parameter 2 to be long, string given D:\htdocs\project\hzxxsmzj.yyhj.zjzwfw.gov.cn\Application\Home\Api\Curl.class.php 第 90 行.
NOTIC: [8] Use of undefined constant CURL_SSLVERSION_SSL - assumed 'CURL_SSLVERSION_SSL' D:\htdocs\project\hzxxsmzj.yyhj.zjzwfw.gov.cn\Application\Home\Api\Curl.class.php 第 90 行.
NOTIC: [2] curl_setopt() expects parameter 2 to be long, string given D:\htdocs\project\hzxxsmzj.yyhj.zjzwfw.gov.cn\Application\Home\Api\Curl.class.php 第 90 行.
NOTIC: [8] Undefined index: items D:\htdocs\project\hzxxsmzj.yyhj.zjzwfw.gov.cn\Application\Common\Common\function.php 第 89 行.
NOTIC: [2] Invalid argument supplied for foreach() D:\htdocs\project\hzxxsmzj.yyhj.zjzwfw.gov.cn\Application\Common\Common\function.php 第 89 行.
INFO: [ view_parse ] --START--
INFO: [ template_filter ] --START--
INFO: Run Behavior\ContentReplaceBehavior [ RunTime:0.001000s ]
INFO: [ template_filter ] --END-- [ RunTime:0.002000s ]
NOTIC: [8] Undefined index: items D:\htdocs\project\hzxxsmzj.yyhj.zjzwfw.gov.cn\Application\Runtime\Cache\Home\2a94b8bda04ff446dcedd42276fc99ee.php 第 78 行.
NOTIC: [2] Invalid argument supplied for foreach() D:\htdocs\project\hzxxsmzj.yyhj.zjzwfw.gov.cn\Application\Runtime\Cache\Home\2a94b8bda04ff446dcedd42276fc99ee.php 第 78 行.
INFO: Run Behavior\ParseTemplateBehavior [ RunTime:0.044002s ]
INFO: [ view_parse ] --END-- [ RunTime:0.044002s ]
INFO: [ view_filter ] --START--
INFO: Run Behavior\WriteHtmlCacheBehavior [ RunTime:0.001000s ]
INFO: [ view_filter ] --END-- [ RunTime:0.001000s ]
INFO: [ app_end ] --START--
INFO: Run Behavior\ShowPageTraceBehavior [ RunTime:0.001000s ]
INFO: [ app_end ] --END-- [ RunTime:0.001000s ]

[ 2017-04-16T21:08:46+08:00 ] ::1 /
INFO: [ app_init ] --START--
INFO: Run Behavior\BuildLiteBehavior [ RunTime:0.000000s ]
INFO: [ app_init ] --END-- [ RunTime:0.001000s ]
INFO: [ app_begin ] --START--
INFO: Run Behavior\ReadHtmlCacheBehavior [ RunTime:0.001000s ]
INFO: [ app_begin ] --END-- [ RunTime:0.001000s ]
NOTIC: [8] A session had already been started - ignoring session_start() D:\htdocs\project\hzxxsmzj.yyhj.zjzwfw.gov.cn\Application\Home\Controller\IndexController.class.php 第 26 行.
SQL: SHOW COLUMNS FROM `his_set` [ RunTime:0.0130s ]
SQL: SELECT `status` FROM `his_set` WHERE `id` = 1 LIMIT 1   [ RunTime:0.0120s ]
NOTIC: [8] Undefined index: authcode D:\htdocs\project\hzxxsmzj.yyhj.zjzwfw.gov.cn\Application\Home\Controller\IndexController.class.php 第 60 行.
NOTIC: [8] Use of undefined constant AUTH_KEY - assumed 'AUTH_KEY' D:\htdocs\project\hzxxsmzj.yyhj.zjzwfw.gov.cn\Application\Common\Common\function.php 第 36 行.
NOTIC: [8] Undefined index: uid D:\htdocs\project\hzxxsmzj.yyhj.zjzwfw.gov.cn\Application\Home\Controller\IndexController.class.php 第 62 行.
NOTIC: [8] Undefined index: citizen_uid D:\htdocs\project\hzxxsmzj.yyhj.zjzwfw.gov.cn\Application\Home\Controller\IndexController.class.php 第 62 行.
NOTIC: [8] Undefined index: parentId D:\htdocs\project\hzxxsmzj.yyhj.zjzwfw.gov.cn\Application\Home\Controller\IndexController.class.php 第 66 行.
NOTIC: [8] Use of undefined constant CURL_SSLVERSION_SSL - assumed 'CURL_SSLVERSION_SSL' D:\htdocs\project\hzxxsmzj.yyhj.zjzwfw.gov.cn\Application\Home\Api\Curl.class.php 第 90 行.
NOTIC: [2] curl_setopt() expects parameter 2 to be long, string given D:\htdocs\project\hzxxsmzj.yyhj.zjzwfw.gov.cn\Application\Home\Api\Curl.class.php 第 90 行.
NOTIC: [8] Use of undefined constant CURL_SSLVERSION_SSL - assumed 'CURL_SSLVERSION_SSL' D:\htdocs\project\hzxxsmzj.yyhj.zjzwfw.gov.cn\Application\Home\Api\Curl.class.php 第 90 行.
NOTIC: [2] curl_setopt() expects parameter 2 to be long, string given D:\htdocs\project\hzxxsmzj.yyhj.zjzwfw.gov.cn\Application\Home\Api\Curl.class.php 第 90 行.
NOTIC: [8] Undefined index: items D:\htdocs\project\hzxxsmzj.yyhj.zjzwfw.gov.cn\Application\Common\Common\function.php 第 89 行.
NOTIC: [2] Invalid argument supplied for foreach() D:\htdocs\project\hzxxsmzj.yyhj.zjzwfw.gov.cn\Application\Common\Common\function.php 第 89 行.
INFO: [ view_parse ] --START--
INFO: [ template_filter ] --START--
INFO: Run Behavior\ContentReplaceBehavior [ RunTime:0.001000s ]
INFO: [ template_filter ] --END-- [ RunTime:0.002000s ]
NOTIC: [8] Undefined index: items D:\htdocs\project\hzxxsmzj.yyhj.zjzwfw.gov.cn\Application\Runtime\Cache\Home\2a94b8bda04ff446dcedd42276fc99ee.php 第 78 行.
NOTIC: [2] Invalid argument supplied for foreach() D:\htdocs\project\hzxxsmzj.yyhj.zjzwfw.gov.cn\Application\Runtime\Cache\Home\2a94b8bda04ff446dcedd42276fc99ee.php 第 78 行.
INFO: Run Behavior\ParseTemplateBehavior [ RunTime:0.043003s ]
INFO: [ view_parse ] --END-- [ RunTime:0.043003s ]
INFO: [ view_filter ] --START--
INFO: Run Behavior\WriteHtmlCacheBehavior [ RunTime:0.001000s ]
INFO: [ view_filter ] --END-- [ RunTime:0.002000s ]
INFO: [ app_end ] --START--
INFO: Run Behavior\ShowPageTraceBehavior [ RunTime:0.001000s ]
INFO: [ app_end ] --END-- [ RunTime:0.002000s ]

